[2026-01-18 03:11:16,452: INFO: text: Loading sentencepiece tokenizer from hf://kyutai/pocket-tts-without-voice-cloning/tokenizer.model]
[2026-01-18 03:11:17,152: INFO: _client: HTTP Request: HEAD https://huggingface.co/kyutai/pocket-tts-without-voice-cloning/resolve/main/tokenizer.model "HTTP/1.1 302 Found"]
[2026-01-18 03:11:17,436: INFO: _client: HTTP Request: GET https://huggingface.co/api/models/kyutai/pocket-tts-without-voice-cloning/xet-read-token/fbf82802feb1f92664f3bcf6a0f01295a678853c "HTTP/1.1 200 OK"]
[2026-01-18 03:11:19,971: INFO: tts_model: Loading TTSModel weights from hf://kyutai/pocket-tts/tts_b6369a24.safetensors]
[2026-01-18 03:11:20,251: INFO: _client: HTTP Request: HEAD https://huggingface.co/kyutai/pocket-tts/resolve/main/tts_b6369a24.safetensors "HTTP/1.1 401 Unauthorized"]
[2026-01-18 03:11:20,609: INFO: _client: HTTP Request: HEAD https://huggingface.co/kyutai/pocket-tts-without-voice-cloning/resolve/main/tts_b6369a24.safetensors "HTTP/1.1 302 Found"]
[2026-01-18 03:12:22,636: INFO: tts_model: TTS Model loaded successfully. Its size is 471.0 MB]
[2026-01-18 03:12:22,636: ERROR: tts: Error generating audio: 'TTSModel' object has no attribute 'get_state']
[2026-01-18 03:13:12,793: INFO: text: Loading sentencepiece tokenizer from hf://kyutai/pocket-tts-without-voice-cloning/tokenizer.model]
[2026-01-18 03:13:13,351: INFO: _client: HTTP Request: HEAD https://huggingface.co/kyutai/pocket-tts-without-voice-cloning/resolve/main/tokenizer.model "HTTP/1.1 302 Found"]
[2026-01-18 03:13:13,844: INFO: tts_model: Loading TTSModel weights from hf://kyutai/pocket-tts/tts_b6369a24.safetensors]
[2026-01-18 03:13:14,105: INFO: _client: HTTP Request: HEAD https://huggingface.co/kyutai/pocket-tts/resolve/main/tts_b6369a24.safetensors "HTTP/1.1 401 Unauthorized"]
[2026-01-18 03:13:14,493: INFO: _client: HTTP Request: HEAD https://huggingface.co/kyutai/pocket-tts-without-voice-cloning/resolve/main/tts_b6369a24.safetensors "HTTP/1.1 302 Found"]
[2026-01-18 03:13:14,555: INFO: tts_model: TTS Model loaded successfully. Its size is 471.0 MB]
[2026-01-18 03:13:14,555: ERROR: tts: Error generating audio: We could not download the weights for the model with voice cloning, but you're trying to use voice cloning. Without voice cloning, you can use our catalog of voices ['alba', 'marius', 'javert', 'jean', 'fantine', 'cosette', 'eponine', 'azelma']. If you want access to the model with voice cloning, go to https://huggingface.co/kyutai/pocket-tts and accept the terms, then make sure you're logged in locally with `uvx hf auth login`.]
[2026-01-18 03:37:19,677: INFO: text: Loading sentencepiece tokenizer from hf://kyutai/pocket-tts-without-voice-cloning/tokenizer.model]
[2026-01-18 03:37:20,155: INFO: _client: HTTP Request: HEAD https://huggingface.co/kyutai/pocket-tts-without-voice-cloning/resolve/main/tokenizer.model "HTTP/1.1 302 Found"]
[2026-01-18 03:37:20,687: INFO: tts_model: Loading TTSModel weights from hf://kyutai/pocket-tts/tts_b6369a24.safetensors]
[2026-01-18 03:37:20,955: INFO: _client: HTTP Request: HEAD https://huggingface.co/kyutai/pocket-tts/resolve/main/tts_b6369a24.safetensors "HTTP/1.1 401 Unauthorized"]
[2026-01-18 03:37:21,291: INFO: _client: HTTP Request: HEAD https://huggingface.co/kyutai/pocket-tts-without-voice-cloning/resolve/main/tts_b6369a24.safetensors "HTTP/1.1 302 Found"]
[2026-01-18 03:37:21,412: INFO: tts_model: TTS Model loaded successfully. Its size is 471.0 MB]
[2026-01-18 03:37:21,423: WARNING: tts: Error generating audio: Method pocket_tts.models.tts_model.TTSModel.generate_audio() parameter model_state='Hello, how are you?' violates type hint <class 'dict'>, as str 'Hello, how are you?' not instance of dict.]
[2026-01-18 03:38:46,926: INFO: text: Loading sentencepiece tokenizer from hf://kyutai/pocket-tts-without-voice-cloning/tokenizer.model]
[2026-01-18 03:38:47,467: INFO: _client: HTTP Request: HEAD https://huggingface.co/kyutai/pocket-tts-without-voice-cloning/resolve/main/tokenizer.model "HTTP/1.1 302 Found"]
[2026-01-18 03:38:47,970: INFO: tts_model: Loading TTSModel weights from hf://kyutai/pocket-tts/tts_b6369a24.safetensors]
[2026-01-18 03:38:48,250: INFO: _client: HTTP Request: HEAD https://huggingface.co/kyutai/pocket-tts/resolve/main/tts_b6369a24.safetensors "HTTP/1.1 401 Unauthorized"]
[2026-01-18 03:38:48,522: INFO: _client: HTTP Request: HEAD https://huggingface.co/kyutai/pocket-tts-without-voice-cloning/resolve/main/tts_b6369a24.safetensors "HTTP/1.1 302 Found"]
[2026-01-18 03:38:48,580: INFO: tts_model: TTS Model loaded successfully. Its size is 471.0 MB]
[2026-01-18 03:38:48,584: WARNING: tts: Error generating audio: Method pocket_tts.models.tts_model.TTSModel.generate_audio() parameter model_state='alba-mackenna' violates type hint <class 'dict'>, as str 'alba-mackenna' not instance of dict.]
[2026-01-18 03:39:13,055: INFO: text: Loading sentencepiece tokenizer from hf://kyutai/pocket-tts-without-voice-cloning/tokenizer.model]
[2026-01-18 03:39:13,602: INFO: _client: HTTP Request: HEAD https://huggingface.co/kyutai/pocket-tts-without-voice-cloning/resolve/main/tokenizer.model "HTTP/1.1 302 Found"]
[2026-01-18 03:39:14,106: INFO: tts_model: Loading TTSModel weights from hf://kyutai/pocket-tts/tts_b6369a24.safetensors]
[2026-01-18 03:39:14,501: INFO: _client: HTTP Request: HEAD https://huggingface.co/kyutai/pocket-tts/resolve/main/tts_b6369a24.safetensors "HTTP/1.1 401 Unauthorized"]
[2026-01-18 03:39:14,773: INFO: _client: HTTP Request: HEAD https://huggingface.co/kyutai/pocket-tts-without-voice-cloning/resolve/main/tts_b6369a24.safetensors "HTTP/1.1 302 Found"]
[2026-01-18 03:39:14,831: INFO: tts_model: TTS Model loaded successfully. Its size is 471.0 MB]
[2026-01-18 03:39:14,838: WARNING: tts: Error generating audio: Method pocket_tts.models.tts_model.TTSModel.generate_audio() parameter model_state='alba' violates type hint <class 'dict'>, as str 'alba' not instance of dict.]
[2026-01-18 03:41:17,168: INFO: text: Loading sentencepiece tokenizer from hf://kyutai/pocket-tts-without-voice-cloning/tokenizer.model]
[2026-01-18 03:41:17,672: INFO: _client: HTTP Request: HEAD https://huggingface.co/kyutai/pocket-tts-without-voice-cloning/resolve/main/tokenizer.model "HTTP/1.1 302 Found"]
[2026-01-18 03:41:18,159: INFO: tts_model: Loading TTSModel weights from hf://kyutai/pocket-tts/tts_b6369a24.safetensors]
[2026-01-18 03:41:18,427: INFO: _client: HTTP Request: HEAD https://huggingface.co/kyutai/pocket-tts/resolve/main/tts_b6369a24.safetensors "HTTP/1.1 401 Unauthorized"]
[2026-01-18 03:41:18,690: INFO: _client: HTTP Request: HEAD https://huggingface.co/kyutai/pocket-tts-without-voice-cloning/resolve/main/tts_b6369a24.safetensors "HTTP/1.1 302 Found"]
[2026-01-18 03:41:18,746: INFO: tts_model: TTS Model loaded successfully. Its size is 471.0 MB]
[2026-01-18 03:41:19,051: INFO: _client: HTTP Request: HEAD https://huggingface.co/kyutai/pocket-tts-without-voice-cloning/resolve/main/embeddings/alba.safetensors "HTTP/1.1 302 Found"]
[2026-01-18 03:41:19,336: INFO: _client: HTTP Request: GET https://huggingface.co/api/models/kyutai/pocket-tts-without-voice-cloning/xet-read-token/fbf82802feb1f92664f3bcf6a0f01295a678853c "HTTP/1.1 200 OK"]
[2026-01-18 03:41:21,954: INFO: utils: Prompting audio took 284 ms]
[2026-01-18 03:41:21,978: INFO: tts_model: starting timer now!]
[2026-01-18 03:41:22,032: INFO: utils: Prompting text took 53 ms]
[2026-01-18 03:41:24,436: INFO: tts_model: Average generation step time: 131 ms]
[2026-01-18 03:41:25,250: INFO: utils: Waiting for mimi decoder to finish took 1 ms]
[2026-01-18 03:41:25,251: INFO: tts_model: Generated: 1440 ms of audio in 3272 ms so 0.44x faster than real-time]
[2026-01-18 03:41:25,711: INFO: _client: HTTP Request: HEAD https://huggingface.co/kyutai/pocket-tts-without-voice-cloning/resolve/main/embeddings/alba.safetensors "HTTP/1.1 302 Found"]
[2026-01-18 03:41:25,987: INFO: utils: Prompting audio took 253 ms]
[2026-01-18 03:41:26,007: INFO: tts_model: starting timer now!]
[2026-01-18 03:41:26,056: INFO: utils: Prompting text took 48 ms]
[2026-01-18 03:41:26,515: INFO: tts_model: Average generation step time: 20 ms]
[2026-01-18 03:41:26,516: INFO: utils: Waiting for mimi decoder to finish took 1 ms]
[2026-01-18 03:41:26,517: INFO: tts_model: Generated: 1680 ms of audio in 509 ms so 3.30x faster than real-time]
[2026-01-18 03:41:26,773: INFO: _client: HTTP Request: HEAD https://huggingface.co/kyutai/pocket-tts-without-voice-cloning/resolve/main/embeddings/alba.safetensors "HTTP/1.1 302 Found"]
[2026-01-18 03:41:27,046: INFO: utils: Prompting audio took 252 ms]
[2026-01-18 03:41:27,059: INFO: tts_model: starting timer now!]
[2026-01-18 03:41:27,113: INFO: utils: Prompting text took 53 ms]
[2026-01-18 03:41:27,510: INFO: tts_model: Average generation step time: 20 ms]
[2026-01-18 03:41:27,512: INFO: utils: Waiting for mimi decoder to finish took 1 ms]
[2026-01-18 03:41:27,512: INFO: tts_model: Generated: 1440 ms of audio in 453 ms so 3.18x faster than real-time]
[2026-01-18 03:42:25,913: INFO: text: Loading sentencepiece tokenizer from hf://kyutai/pocket-tts-without-voice-cloning/tokenizer.model]
[2026-01-18 03:42:26,431: INFO: _client: HTTP Request: HEAD https://huggingface.co/kyutai/pocket-tts-without-voice-cloning/resolve/main/tokenizer.model "HTTP/1.1 302 Found"]
[2026-01-18 03:42:26,925: INFO: tts_model: Loading TTSModel weights from hf://kyutai/pocket-tts/tts_b6369a24.safetensors]
[2026-01-18 03:42:27,273: INFO: _client: HTTP Request: HEAD https://huggingface.co/kyutai/pocket-tts/resolve/main/tts_b6369a24.safetensors "HTTP/1.1 401 Unauthorized"]
[2026-01-18 03:42:27,544: INFO: _client: HTTP Request: HEAD https://huggingface.co/kyutai/pocket-tts-without-voice-cloning/resolve/main/tts_b6369a24.safetensors "HTTP/1.1 302 Found"]
[2026-01-18 03:42:27,601: INFO: tts_model: TTS Model loaded successfully. Its size is 471.0 MB]
[2026-01-18 03:42:28,001: INFO: _client: HTTP Request: HEAD https://huggingface.co/kyutai/pocket-tts-without-voice-cloning/resolve/main/embeddings/alba.safetensors "HTTP/1.1 302 Found"]
[2026-01-18 03:42:28,297: INFO: utils: Prompting audio took 274 ms]
[2026-01-18 03:42:28,320: INFO: tts_model: starting timer now!]
[2026-01-18 03:42:28,371: INFO: utils: Prompting text took 50 ms]
[2026-01-18 03:42:29,337: INFO: tts_model: Average generation step time: 46 ms]
[2026-01-18 03:42:29,436: INFO: utils: Waiting for mimi decoder to finish took 1 ms]
[2026-01-18 03:42:29,436: INFO: tts_model: Generated: 1600 ms of audio in 1115 ms so 1.43x faster than real-time]
[2026-01-18 03:42:29,779: INFO: _client: HTTP Request: HEAD https://huggingface.co/kyutai/pocket-tts-without-voice-cloning/resolve/main/embeddings/alba.safetensors "HTTP/1.1 302 Found"]
[2026-01-18 03:42:30,051: INFO: utils: Prompting audio took 252 ms]
[2026-01-18 03:42:30,072: INFO: tts_model: starting timer now!]
[2026-01-18 03:42:30,121: INFO: utils: Prompting text took 49 ms]
[2026-01-18 03:42:30,620: INFO: tts_model: Average generation step time: 21 ms]
[2026-01-18 03:42:30,622: INFO: utils: Waiting for mimi decoder to finish took 1 ms]
[2026-01-18 03:42:30,622: INFO: tts_model: Generated: 1760 ms of audio in 550 ms so 3.20x faster than real-time]
[2026-01-18 03:42:30,974: INFO: _client: HTTP Request: HEAD https://huggingface.co/kyutai/pocket-tts-without-voice-cloning/resolve/main/embeddings/alba.safetensors "HTTP/1.1 302 Found"]
[2026-01-18 03:42:31,254: INFO: utils: Prompting audio took 257 ms]
[2026-01-18 03:42:31,261: INFO: tts_model: starting timer now!]
[2026-01-18 03:42:31,319: INFO: utils: Prompting text took 57 ms]
[2026-01-18 03:42:31,758: INFO: tts_model: Average generation step time: 20 ms]
[2026-01-18 03:42:31,760: INFO: utils: Waiting for mimi decoder to finish took 1 ms]
[2026-01-18 03:42:31,760: INFO: tts_model: Generated: 1600 ms of audio in 499 ms so 3.21x faster than real-time]
[2026-01-18 03:42:32,022: INFO: _client: HTTP Request: HEAD https://huggingface.co/kyutai/pocket-tts-without-voice-cloning/resolve/main/embeddings/alba.safetensors "HTTP/1.1 302 Found"]
[2026-01-18 03:42:32,281: INFO: utils: Prompting audio took 254 ms]
[2026-01-18 03:42:32,311: INFO: tts_model: starting timer now!]
[2026-01-18 03:42:32,375: INFO: utils: Prompting text took 63 ms]
[2026-01-18 03:42:32,873: INFO: tts_model: Average generation step time: 23 ms]
[2026-01-18 03:42:32,875: INFO: utils: Waiting for mimi decoder to finish took 1 ms]
[2026-01-18 03:42:32,875: INFO: tts_model: Generated: 1600 ms of audio in 563 ms so 2.84x faster than real-time]
[2026-01-18 03:50:34,327: INFO: text: Loading sentencepiece tokenizer from hf://kyutai/pocket-tts-without-voice-cloning/tokenizer.model]
[2026-01-18 03:50:34,815: INFO: _client: HTTP Request: HEAD https://huggingface.co/kyutai/pocket-tts-without-voice-cloning/resolve/main/tokenizer.model "HTTP/1.1 302 Found"]
[2026-01-18 03:50:35,347: INFO: tts_model: Loading TTSModel weights from hf://kyutai/pocket-tts/tts_b6369a24.safetensors]
[2026-01-18 03:50:35,619: INFO: _client: HTTP Request: HEAD https://huggingface.co/kyutai/pocket-tts/resolve/main/tts_b6369a24.safetensors "HTTP/1.1 401 Unauthorized"]
[2026-01-18 03:50:35,893: INFO: _client: HTTP Request: HEAD https://huggingface.co/kyutai/pocket-tts-without-voice-cloning/resolve/main/tts_b6369a24.safetensors "HTTP/1.1 302 Found"]
[2026-01-18 03:50:35,952: INFO: tts_model: TTS Model loaded successfully. Its size is 471.0 MB]
[2026-01-18 03:50:36,220: INFO: _client: HTTP Request: HEAD https://huggingface.co/kyutai/pocket-tts-without-voice-cloning/resolve/main/embeddings/alba.safetensors "HTTP/1.1 302 Found"]
[2026-01-18 03:50:36,501: INFO: utils: Prompting audio took 258 ms]
[2026-01-18 03:50:36,525: INFO: tts_model: starting timer now!]
[2026-01-18 03:50:36,575: INFO: utils: Prompting text took 49 ms]
[2026-01-18 03:50:37,742: INFO: tts_model: Average generation step time: 40 ms]
[2026-01-18 03:50:37,814: INFO: utils: Waiting for mimi decoder to finish took 1 ms]
[2026-01-18 03:50:37,814: INFO: tts_model: Generated: 2240 ms of audio in 1289 ms so 1.74x faster than real-time]
[2026-01-18 03:51:38,504: INFO: text: Loading sentencepiece tokenizer from hf://kyutai/pocket-tts-without-voice-cloning/tokenizer.model]
[2026-01-18 03:51:38,970: INFO: _client: HTTP Request: HEAD https://huggingface.co/kyutai/pocket-tts-without-voice-cloning/resolve/main/tokenizer.model "HTTP/1.1 302 Found"]
[2026-01-18 03:51:39,458: INFO: tts_model: Loading TTSModel weights from hf://kyutai/pocket-tts/tts_b6369a24.safetensors]
[2026-01-18 03:51:39,781: INFO: _client: HTTP Request: HEAD https://huggingface.co/kyutai/pocket-tts/resolve/main/tts_b6369a24.safetensors "HTTP/1.1 401 Unauthorized"]
[2026-01-18 03:51:40,048: INFO: _client: HTTP Request: HEAD https://huggingface.co/kyutai/pocket-tts-without-voice-cloning/resolve/main/tts_b6369a24.safetensors "HTTP/1.1 302 Found"]
[2026-01-18 03:51:40,103: INFO: tts_model: TTS Model loaded successfully. Its size is 471.0 MB]
[2026-01-18 03:51:40,418: INFO: _client: HTTP Request: HEAD https://huggingface.co/kyutai/pocket-tts-without-voice-cloning/resolve/main/embeddings/alba.safetensors "HTTP/1.1 302 Found"]
[2026-01-18 03:51:40,687: INFO: utils: Prompting audio took 249 ms]
[2026-01-18 03:51:40,714: INFO: tts_model: starting timer now!]
[2026-01-18 03:51:40,780: INFO: utils: Prompting text took 65 ms]
[2026-01-18 03:51:41,678: INFO: tts_model: Average generation step time: 45 ms]
[2026-01-18 03:51:41,796: INFO: utils: Waiting for mimi decoder to finish took 1 ms]
[2026-01-18 03:51:41,796: INFO: tts_model: Generated: 1520 ms of audio in 1082 ms so 1.40x faster than real-time]
[2026-01-18 03:51:42,090: INFO: _client: HTTP Request: HEAD https://huggingface.co/kyutai/pocket-tts-without-voice-cloning/resolve/main/embeddings/alba.safetensors "HTTP/1.1 302 Found"]
[2026-01-18 03:51:42,360: INFO: utils: Prompting audio took 250 ms]
[2026-01-18 03:51:42,381: INFO: tts_model: starting timer now!]
[2026-01-18 03:51:42,432: INFO: utils: Prompting text took 49 ms]
[2026-01-18 03:51:42,874: INFO: tts_model: Average generation step time: 20 ms]
[2026-01-18 03:51:42,876: INFO: utils: Waiting for mimi decoder to finish took 1 ms]
[2026-01-18 03:51:42,876: INFO: tts_model: Generated: 1600 ms of audio in 494 ms so 3.24x faster than real-time]
[2026-01-18 03:51:43,290: INFO: _client: HTTP Request: HEAD https://huggingface.co/kyutai/pocket-tts-without-voice-cloning/resolve/main/embeddings/jean.safetensors "HTTP/1.1 302 Found"]
[2026-01-18 03:51:43,569: INFO: _client: HTTP Request: GET https://huggingface.co/api/models/kyutai/pocket-tts-without-voice-cloning/xet-read-token/fbf82802feb1f92664f3bcf6a0f01295a678853c "HTTP/1.1 200 OK"]
[2026-01-18 03:51:46,970: INFO: utils: Prompting audio took 255 ms]
[2026-01-18 03:51:46,987: INFO: tts_model: starting timer now!]
[2026-01-18 03:51:47,043: INFO: utils: Prompting text took 54 ms]
[2026-01-18 03:51:47,392: INFO: tts_model: Average generation step time: 19 ms]
[2026-01-18 03:51:47,392: INFO: utils: Waiting for mimi decoder to finish took 0 ms]
[2026-01-18 03:51:47,392: INFO: tts_model: Generated: 1280 ms of audio in 404 ms so 3.17x faster than real-time]
[2026-01-18 03:51:47,694: INFO: _client: HTTP Request: HEAD https://huggingface.co/kyutai/pocket-tts-without-voice-cloning/resolve/main/embeddings/alba.safetensors "HTTP/1.1 302 Found"]
[2026-01-18 03:51:47,952: INFO: utils: Prompting audio took 247 ms]
[2026-01-18 03:51:47,969: INFO: tts_model: starting timer now!]
[2026-01-18 03:51:48,026: INFO: utils: Prompting text took 56 ms]
[2026-01-18 03:51:48,425: INFO: tts_model: Average generation step time: 19 ms]
[2026-01-18 03:51:48,425: INFO: utils: Waiting for mimi decoder to finish took 0 ms]
[2026-01-18 03:51:48,425: INFO: tts_model: Generated: 1520 ms of audio in 456 ms so 3.33x faster than real-time]
[2026-01-18 03:53:52,776: INFO: text: Loading sentencepiece tokenizer from hf://kyutai/pocket-tts-without-voice-cloning/tokenizer.model]
[2026-01-18 03:53:53,235: INFO: _client: HTTP Request: HEAD https://huggingface.co/kyutai/pocket-tts-without-voice-cloning/resolve/main/tokenizer.model "HTTP/1.1 302 Found"]
[2026-01-18 03:53:53,723: INFO: tts_model: Loading TTSModel weights from hf://kyutai/pocket-tts/tts_b6369a24.safetensors]
[2026-01-18 03:53:53,999: INFO: _client: HTTP Request: HEAD https://huggingface.co/kyutai/pocket-tts/resolve/main/tts_b6369a24.safetensors "HTTP/1.1 401 Unauthorized"]
[2026-01-18 03:53:54,284: INFO: _client: HTTP Request: HEAD https://huggingface.co/kyutai/pocket-tts-without-voice-cloning/resolve/main/tts_b6369a24.safetensors "HTTP/1.1 302 Found"]
[2026-01-18 03:53:54,339: INFO: tts_model: TTS Model loaded successfully. Its size is 471.0 MB]
[2026-01-18 03:53:54,596: INFO: _client: HTTP Request: HEAD https://huggingface.co/kyutai/pocket-tts-without-voice-cloning/resolve/main/embeddings/alba.safetensors "HTTP/1.1 302 Found"]
[2026-01-18 03:53:54,902: INFO: utils: Prompting audio took 285 ms]
[2026-01-18 03:53:54,928: INFO: tts_model: starting timer now!]
[2026-01-18 03:53:54,984: INFO: utils: Prompting text took 55 ms]
[2026-01-18 03:53:55,877: INFO: tts_model: Average generation step time: 45 ms]
[2026-01-18 03:53:56,002: INFO: utils: Waiting for mimi decoder to finish took 1 ms]
[2026-01-18 03:53:56,002: INFO: tts_model: Generated: 1520 ms of audio in 1074 ms so 1.42x faster than real-time]
[2026-01-18 03:53:56,293: INFO: _client: HTTP Request: HEAD https://huggingface.co/kyutai/pocket-tts-without-voice-cloning/resolve/main/embeddings/alba.safetensors "HTTP/1.1 302 Found"]
[2026-01-18 03:53:56,565: INFO: utils: Prompting audio took 250 ms]
[2026-01-18 03:53:56,586: INFO: tts_model: starting timer now!]
[2026-01-18 03:53:56,635: INFO: utils: Prompting text took 48 ms]
[2026-01-18 03:53:57,107: INFO: tts_model: Average generation step time: 20 ms]
[2026-01-18 03:53:57,108: INFO: utils: Waiting for mimi decoder to finish took 1 ms]
[2026-01-18 03:53:57,108: INFO: tts_model: Generated: 1680 ms of audio in 522 ms so 3.22x faster than real-time]
[2026-01-18 03:53:57,537: INFO: _client: HTTP Request: HEAD https://huggingface.co/kyutai/pocket-tts-without-voice-cloning/resolve/main/embeddings/azelma.safetensors "HTTP/1.1 302 Found"]
[2026-01-18 03:53:57,806: INFO: _client: HTTP Request: GET https://huggingface.co/api/models/kyutai/pocket-tts-without-voice-cloning/xet-read-token/fbf82802feb1f92664f3bcf6a0f01295a678853c "HTTP/1.1 200 OK"]
[2026-01-18 03:54:00,852: INFO: utils: Prompting audio took 325 ms]
[2026-01-18 03:54:00,872: INFO: tts_model: starting timer now!]
[2026-01-18 03:54:00,926: INFO: utils: Prompting text took 53 ms]
[2026-01-18 03:54:01,501: INFO: tts_model: Average generation step time: 19 ms]
[2026-01-18 03:54:01,501: INFO: utils: Waiting for mimi decoder to finish took 0 ms]
[2026-01-18 03:54:01,501: INFO: tts_model: Generated: 2160 ms of audio in 629 ms so 3.43x faster than real-time]
[2026-01-18 03:54:01,781: INFO: _client: HTTP Request: HEAD https://huggingface.co/kyutai/pocket-tts-without-voice-cloning/resolve/main/embeddings/alba.safetensors "HTTP/1.1 302 Found"]
[2026-01-18 03:54:02,054: INFO: utils: Prompting audio took 253 ms]
[2026-01-18 03:54:02,073: INFO: tts_model: starting timer now!]
[2026-01-18 03:54:02,134: INFO: utils: Prompting text took 59 ms]
[2026-01-18 03:54:02,652: INFO: tts_model: Average generation step time: 21 ms]
[2026-01-18 03:54:02,652: INFO: utils: Waiting for mimi decoder to finish took 0 ms]
[2026-01-18 03:54:02,652: INFO: tts_model: Generated: 1840 ms of audio in 578 ms so 3.18x faster than real-time]
[2026-01-18 03:55:14,398: INFO: text: Loading sentencepiece tokenizer from hf://kyutai/pocket-tts-without-voice-cloning/tokenizer.model]
[2026-01-18 03:55:15,085: INFO: _client: HTTP Request: HEAD https://huggingface.co/kyutai/pocket-tts-without-voice-cloning/resolve/main/tokenizer.model "HTTP/1.1 302 Found"]
[2026-01-18 03:55:15,586: INFO: tts_model: Loading TTSModel weights from hf://kyutai/pocket-tts/tts_b6369a24.safetensors]
[2026-01-18 03:55:15,978: INFO: _client: HTTP Request: HEAD https://huggingface.co/kyutai/pocket-tts/resolve/main/tts_b6369a24.safetensors "HTTP/1.1 401 Unauthorized"]
[2026-01-18 03:55:16,268: INFO: _client: HTTP Request: HEAD https://huggingface.co/kyutai/pocket-tts-without-voice-cloning/resolve/main/tts_b6369a24.safetensors "HTTP/1.1 302 Found"]
[2026-01-18 03:55:16,330: INFO: tts_model: TTS Model loaded successfully. Its size is 471.0 MB]
[2026-01-18 03:55:16,744: INFO: _client: HTTP Request: HEAD https://huggingface.co/kyutai/pocket-tts-without-voice-cloning/resolve/main/embeddings/alba.safetensors "HTTP/1.1 302 Found"]
[2026-01-18 03:55:17,029: INFO: utils: Prompting audio took 263 ms]
[2026-01-18 03:55:17,052: INFO: tts_model: starting timer now!]
[2026-01-18 03:55:17,106: INFO: utils: Prompting text took 53 ms]
[2026-01-18 03:55:18,147: INFO: tts_model: Average generation step time: 41 ms]
[2026-01-18 03:55:18,255: INFO: utils: Waiting for mimi decoder to finish took 1 ms]
[2026-01-18 03:55:18,255: INFO: tts_model: Generated: 1920 ms of audio in 1203 ms so 1.60x faster than real-time]
[2026-01-18 03:55:18,537: INFO: _client: HTTP Request: HEAD https://huggingface.co/kyutai/pocket-tts-without-voice-cloning/resolve/main/embeddings/azelma.safetensors "HTTP/1.1 302 Found"]
[2026-01-18 03:55:18,882: INFO: utils: Prompting audio took 325 ms]
[2026-01-18 03:55:18,906: INFO: tts_model: starting timer now!]
[2026-01-18 03:55:18,959: INFO: utils: Prompting text took 52 ms]
[2026-01-18 03:55:19,538: INFO: tts_model: Average generation step time: 19 ms]
[2026-01-18 03:55:19,539: INFO: utils: Waiting for mimi decoder to finish took 1 ms]
[2026-01-18 03:55:19,540: INFO: tts_model: Generated: 2160 ms of audio in 633 ms so 3.41x faster than real-time]
[2026-01-18 03:55:19,876: INFO: _client: HTTP Request: HEAD https://huggingface.co/kyutai/pocket-tts-without-voice-cloning/resolve/main/embeddings/alba.safetensors "HTTP/1.1 302 Found"]
[2026-01-18 03:55:20,132: INFO: utils: Prompting audio took 248 ms]
[2026-01-18 03:55:20,142: INFO: tts_model: starting timer now!]
[2026-01-18 03:55:20,201: INFO: utils: Prompting text took 58 ms]
[2026-01-18 03:55:20,663: INFO: tts_model: Average generation step time: 19 ms]
[2026-01-18 03:55:20,665: INFO: utils: Waiting for mimi decoder to finish took 1 ms]
[2026-01-18 03:55:20,665: INFO: tts_model: Generated: 1760 ms of audio in 522 ms so 3.37x faster than real-time]
[2026-01-18 04:00:02,833: INFO: text: Loading sentencepiece tokenizer from hf://kyutai/pocket-tts-without-voice-cloning/tokenizer.model]
[2026-01-18 04:00:03,278: INFO: _client: HTTP Request: HEAD https://huggingface.co/kyutai/pocket-tts-without-voice-cloning/resolve/main/tokenizer.model "HTTP/1.1 302 Found"]
[2026-01-18 04:00:03,822: INFO: tts_model: Loading TTSModel weights from hf://kyutai/pocket-tts/tts_b6369a24.safetensors]
[2026-01-18 04:00:04,095: INFO: _client: HTTP Request: HEAD https://huggingface.co/kyutai/pocket-tts/resolve/main/tts_b6369a24.safetensors "HTTP/1.1 401 Unauthorized"]
[2026-01-18 04:00:04,359: INFO: _client: HTTP Request: HEAD https://huggingface.co/kyutai/pocket-tts-without-voice-cloning/resolve/main/tts_b6369a24.safetensors "HTTP/1.1 302 Found"]
[2026-01-18 04:00:04,417: INFO: tts_model: TTS Model loaded successfully. Its size is 471.0 MB]
[2026-01-18 04:00:04,753: INFO: _client: HTTP Request: HEAD https://huggingface.co/kyutai/pocket-tts-without-voice-cloning/resolve/main/embeddings/alba.safetensors "HTTP/1.1 302 Found"]
[2026-01-18 04:00:05,046: INFO: utils: Prompting audio took 269 ms]
[2026-01-18 04:00:05,067: INFO: tts_model: starting timer now!]
[2026-01-18 04:00:05,117: INFO: utils: Prompting text took 50 ms]
[2026-01-18 04:00:06,131: INFO: tts_model: Average generation step time: 44 ms]
[2026-01-18 04:00:06,264: INFO: utils: Waiting for mimi decoder to finish took 1 ms]
[2026-01-18 04:00:06,265: INFO: tts_model: Generated: 1760 ms of audio in 1197 ms so 1.47x faster than real-time]
[2026-01-18 04:00:06,598: INFO: _client: HTTP Request: HEAD https://huggingface.co/kyutai/pocket-tts-without-voice-cloning/resolve/main/embeddings/eponine.safetensors "HTTP/1.1 302 Found"]
[2026-01-18 04:00:06,897: INFO: _client: HTTP Request: GET https://huggingface.co/api/models/kyutai/pocket-tts-without-voice-cloning/xet-read-token/fbf82802feb1f92664f3bcf6a0f01295a678853c "HTTP/1.1 200 OK"]
[2026-01-18 04:00:09,370: INFO: utils: Prompting audio took 284 ms]
[2026-01-18 04:00:09,396: INFO: tts_model: starting timer now!]
[2026-01-18 04:00:09,451: INFO: utils: Prompting text took 54 ms]
[2026-01-18 04:00:10,045: INFO: tts_model: Average generation step time: 19 ms]
[2026-01-18 04:00:10,045: INFO: utils: Waiting for mimi decoder to finish took 0 ms]
[2026-01-18 04:00:10,046: INFO: tts_model: Generated: 2240 ms of audio in 649 ms so 3.45x faster than real-time]
[2026-01-18 04:00:10,326: INFO: _client: HTTP Request: HEAD https://huggingface.co/kyutai/pocket-tts-without-voice-cloning/resolve/main/embeddings/alba.safetensors "HTTP/1.1 302 Found"]
[2026-01-18 04:00:10,594: INFO: utils: Prompting audio took 246 ms]
[2026-01-18 04:00:10,608: INFO: tts_model: starting timer now!]
[2026-01-18 04:00:10,665: INFO: utils: Prompting text took 57 ms]
[2026-01-18 04:00:11,112: INFO: tts_model: Average generation step time: 19 ms]
[2026-01-18 04:00:11,112: INFO: utils: Waiting for mimi decoder to finish took 0 ms]
[2026-01-18 04:00:11,112: INFO: tts_model: Generated: 1680 ms of audio in 504 ms so 3.33x faster than real-time]
[2026-01-18 04:00:37,731: INFO: text: Loading sentencepiece tokenizer from hf://kyutai/pocket-tts-without-voice-cloning/tokenizer.model]
[2026-01-18 04:00:38,254: INFO: _client: HTTP Request: HEAD https://huggingface.co/kyutai/pocket-tts-without-voice-cloning/resolve/main/tokenizer.model "HTTP/1.1 302 Found"]
[2026-01-18 04:00:38,742: INFO: tts_model: Loading TTSModel weights from hf://kyutai/pocket-tts/tts_b6369a24.safetensors]
[2026-01-18 04:00:39,021: INFO: _client: HTTP Request: HEAD https://huggingface.co/kyutai/pocket-tts/resolve/main/tts_b6369a24.safetensors "HTTP/1.1 401 Unauthorized"]
[2026-01-18 04:00:39,295: INFO: _client: HTTP Request: HEAD https://huggingface.co/kyutai/pocket-tts-without-voice-cloning/resolve/main/tts_b6369a24.safetensors "HTTP/1.1 302 Found"]
[2026-01-18 04:00:39,351: INFO: tts_model: TTS Model loaded successfully. Its size is 471.0 MB]
[2026-01-18 04:00:39,637: INFO: _client: HTTP Request: HEAD https://huggingface.co/kyutai/pocket-tts-without-voice-cloning/resolve/main/embeddings/alba.safetensors "HTTP/1.1 302 Found"]
[2026-01-18 04:00:39,918: INFO: utils: Prompting audio took 260 ms]
[2026-01-18 04:00:39,941: INFO: tts_model: starting timer now!]
[2026-01-18 04:00:39,990: INFO: utils: Prompting text took 48 ms]
[2026-01-18 04:00:40,842: INFO: tts_model: Average generation step time: 48 ms]
[2026-01-18 04:00:40,980: INFO: utils: Waiting for mimi decoder to finish took 1 ms]
[2026-01-18 04:00:40,980: INFO: tts_model: Generated: 1360 ms of audio in 1039 ms so 1.31x faster than real-time]
[2026-01-18 04:00:41,413: INFO: _client: HTTP Request: HEAD https://huggingface.co/kyutai/pocket-tts-without-voice-cloning/resolve/main/embeddings/eponine.safetensors "HTTP/1.1 302 Found"]
[2026-01-18 04:00:41,710: INFO: utils: Prompting audio took 277 ms]
[2026-01-18 04:00:41,735: INFO: tts_model: starting timer now!]
[2026-01-18 04:00:41,790: INFO: utils: Prompting text took 54 ms]
[2026-01-18 04:00:42,350: INFO: tts_model: Average generation step time: 20 ms]
[2026-01-18 04:00:42,351: INFO: utils: Waiting for mimi decoder to finish took 1 ms]
[2026-01-18 04:00:42,351: INFO: tts_model: Generated: 2080 ms of audio in 616 ms so 3.38x faster than real-time]
[2026-01-18 04:00:42,629: INFO: _client: HTTP Request: HEAD https://huggingface.co/kyutai/pocket-tts-without-voice-cloning/resolve/main/embeddings/eponine.safetensors "HTTP/1.1 302 Found"]
[2026-01-18 04:00:42,926: INFO: utils: Prompting audio took 276 ms]
[2026-01-18 04:00:42,934: INFO: tts_model: starting timer now!]
[2026-01-18 04:00:42,991: INFO: utils: Prompting text took 56 ms]
[2026-01-18 04:00:43,546: INFO: tts_model: Average generation step time: 20 ms]
[2026-01-18 04:00:43,548: INFO: utils: Waiting for mimi decoder to finish took 1 ms]
[2026-01-18 04:00:43,548: INFO: tts_model: Generated: 2000 ms of audio in 614 ms so 3.26x faster than real-time]
[2026-01-18 04:02:58,587: INFO: text: Loading sentencepiece tokenizer from hf://kyutai/pocket-tts-without-voice-cloning/tokenizer.model]
[2026-01-18 04:02:59,143: INFO: _client: HTTP Request: HEAD https://huggingface.co/kyutai/pocket-tts-without-voice-cloning/resolve/main/tokenizer.model "HTTP/1.1 302 Found"]
[2026-01-18 04:02:59,651: INFO: tts_model: Loading TTSModel weights from hf://kyutai/pocket-tts/tts_b6369a24.safetensors]
[2026-01-18 04:02:59,935: INFO: _client: HTTP Request: HEAD https://huggingface.co/kyutai/pocket-tts/resolve/main/tts_b6369a24.safetensors "HTTP/1.1 401 Unauthorized"]
[2026-01-18 04:03:00,262: INFO: _client: HTTP Request: HEAD https://huggingface.co/kyutai/pocket-tts-without-voice-cloning/resolve/main/tts_b6369a24.safetensors "HTTP/1.1 302 Found"]
[2026-01-18 04:03:00,318: INFO: tts_model: TTS Model loaded successfully. Its size is 471.0 MB]
[2026-01-18 04:03:00,591: INFO: _client: HTTP Request: HEAD https://huggingface.co/kyutai/pocket-tts-without-voice-cloning/resolve/main/embeddings/alba.safetensors "HTTP/1.1 302 Found"]
[2026-01-18 04:03:00,896: INFO: utils: Prompting audio took 281 ms]
[2026-01-18 04:03:00,896: ERROR: tts: Error generating batch audio: TTSModel.generate_audio() got an unexpected keyword argument 'temp']
[2026-01-18 04:04:43,365: INFO: text: Loading sentencepiece tokenizer from hf://kyutai/pocket-tts-without-voice-cloning/tokenizer.model]
[2026-01-18 04:04:43,841: INFO: _client: HTTP Request: HEAD https://huggingface.co/kyutai/pocket-tts-without-voice-cloning/resolve/main/tokenizer.model "HTTP/1.1 302 Found"]
[2026-01-18 04:04:44,324: INFO: tts_model: Loading TTSModel weights from hf://kyutai/pocket-tts/tts_b6369a24.safetensors]
[2026-01-18 04:04:44,717: INFO: _client: HTTP Request: HEAD https://huggingface.co/kyutai/pocket-tts/resolve/main/tts_b6369a24.safetensors "HTTP/1.1 401 Unauthorized"]
[2026-01-18 04:04:45,015: INFO: _client: HTTP Request: HEAD https://huggingface.co/kyutai/pocket-tts-without-voice-cloning/resolve/main/tts_b6369a24.safetensors "HTTP/1.1 302 Found"]
[2026-01-18 04:04:45,073: INFO: tts_model: TTS Model loaded successfully. Its size is 471.0 MB]
[2026-01-18 04:04:45,384: INFO: _client: HTTP Request: HEAD https://huggingface.co/kyutai/pocket-tts-without-voice-cloning/resolve/main/embeddings/alba.safetensors "HTTP/1.1 302 Found"]
[2026-01-18 04:04:45,682: INFO: utils: Prompting audio took 277 ms]
[2026-01-18 04:04:45,707: INFO: tts_model: starting timer now!]
[2026-01-18 04:04:45,770: INFO: utils: Prompting text took 62 ms]
[2026-01-18 04:04:47,019: INFO: tts_model: Average generation step time: 54 ms]
[2026-01-18 04:04:47,021: INFO: utils: Waiting for mimi decoder to finish took 1 ms]
[2026-01-18 04:04:47,021: INFO: tts_model: Generated: 1760 ms of audio in 1314 ms so 1.34x faster than real-time]
[2026-01-18 04:04:47,320: INFO: _client: HTTP Request: HEAD https://huggingface.co/kyutai/pocket-tts-without-voice-cloning/resolve/main/embeddings/eponine.safetensors "HTTP/1.1 302 Found"]
[2026-01-18 04:04:47,637: INFO: utils: Prompting audio took 293 ms]
[2026-01-18 04:04:47,661: INFO: tts_model: starting timer now!]
[2026-01-18 04:04:47,728: INFO: utils: Prompting text took 67 ms]
[2026-01-18 04:04:48,475: INFO: tts_model: Average generation step time: 31 ms]
[2026-01-18 04:04:48,477: INFO: utils: Waiting for mimi decoder to finish took 1 ms]
[2026-01-18 04:04:48,477: INFO: tts_model: Generated: 1760 ms of audio in 816 ms so 2.16x faster than real-time]
[2026-01-18 04:04:48,737: INFO: _client: HTTP Request: HEAD https://huggingface.co/kyutai/pocket-tts-without-voice-cloning/resolve/main/embeddings/eponine.safetensors "HTTP/1.1 302 Found"]
[2026-01-18 04:04:49,038: INFO: utils: Prompting audio took 293 ms]
[2026-01-18 04:04:49,051: INFO: tts_model: starting timer now!]
[2026-01-18 04:04:49,121: INFO: utils: Prompting text took 69 ms]
[2026-01-18 04:04:50,214: INFO: tts_model: Average generation step time: 32 ms]
[2026-01-18 04:04:50,215: INFO: utils: Waiting for mimi decoder to finish took 1 ms]
[2026-01-18 04:04:50,215: INFO: tts_model: Generated: 2560 ms of audio in 1164 ms so 2.20x faster than real-time]
[2026-01-18 04:06:15,277: INFO: text: Loading sentencepiece tokenizer from hf://kyutai/pocket-tts-without-voice-cloning/tokenizer.model]
[2026-01-18 04:06:15,739: INFO: _client: HTTP Request: HEAD https://huggingface.co/kyutai/pocket-tts-without-voice-cloning/resolve/main/tokenizer.model "HTTP/1.1 302 Found"]
[2026-01-18 04:06:16,232: INFO: tts_model: Loading TTSModel weights from hf://kyutai/pocket-tts/tts_b6369a24.safetensors]
[2026-01-18 04:06:16,507: INFO: _client: HTTP Request: HEAD https://huggingface.co/kyutai/pocket-tts/resolve/main/tts_b6369a24.safetensors "HTTP/1.1 401 Unauthorized"]
[2026-01-18 04:06:16,838: INFO: _client: HTTP Request: HEAD https://huggingface.co/kyutai/pocket-tts-without-voice-cloning/resolve/main/tts_b6369a24.safetensors "HTTP/1.1 302 Found"]
[2026-01-18 04:06:16,894: INFO: tts_model: TTS Model loaded successfully. Its size is 471.0 MB]
[2026-01-18 04:06:17,183: INFO: _client: HTTP Request: HEAD https://huggingface.co/kyutai/pocket-tts-without-voice-cloning/resolve/main/embeddings/alba.safetensors "HTTP/1.1 302 Found"]
[2026-01-18 04:06:17,485: INFO: utils: Prompting audio took 280 ms]
[2026-01-18 04:06:17,508: INFO: tts_model: starting timer now!]
[2026-01-18 04:06:17,586: INFO: utils: Prompting text took 77 ms]
[2026-01-18 04:06:18,920: INFO: tts_model: Average generation step time: 61 ms]
[2026-01-18 04:06:18,922: INFO: utils: Waiting for mimi decoder to finish took 1 ms]
[2026-01-18 04:06:18,922: INFO: tts_model: Generated: 1680 ms of audio in 1414 ms so 1.19x faster than real-time]
[2026-01-18 04:06:19,216: INFO: _client: HTTP Request: HEAD https://huggingface.co/kyutai/pocket-tts-without-voice-cloning/resolve/main/embeddings/eponine.safetensors "HTTP/1.1 302 Found"]
[2026-01-18 04:06:19,532: INFO: utils: Prompting audio took 295 ms]
[2026-01-18 04:06:19,557: INFO: tts_model: starting timer now!]
[2026-01-18 04:06:19,644: INFO: utils: Prompting text took 86 ms]
[2026-01-18 04:06:21,729: INFO: tts_model: Average generation step time: 34 ms]
[2026-01-18 04:06:21,731: INFO: utils: Waiting for mimi decoder to finish took 1 ms]
[2026-01-18 04:06:21,732: INFO: tts_model: Generated: 4720 ms of audio in 2174 ms so 2.17x faster than real-time]
[2026-01-18 04:06:22,027: INFO: _client: HTTP Request: HEAD https://huggingface.co/kyutai/pocket-tts-without-voice-cloning/resolve/main/embeddings/alba.safetensors "HTTP/1.1 302 Found"]
[2026-01-18 04:06:22,311: INFO: utils: Prompting audio took 263 ms]
[2026-01-18 04:06:22,317: INFO: tts_model: starting timer now!]
[2026-01-18 04:06:22,415: INFO: utils: Prompting text took 97 ms]
[2026-01-18 04:06:24,433: INFO: tts_model: Average generation step time: 34 ms]
[2026-01-18 04:06:24,436: INFO: utils: Waiting for mimi decoder to finish took 1 ms]
[2026-01-18 04:06:24,436: INFO: tts_model: Generated: 4560 ms of audio in 2117 ms so 2.15x faster than real-time]
[2026-01-18 04:06:24,762: INFO: _client: HTTP Request: HEAD https://huggingface.co/kyutai/pocket-tts-without-voice-cloning/resolve/main/embeddings/eponine.safetensors "HTTP/1.1 302 Found"]
[2026-01-18 04:06:25,053: INFO: utils: Prompting audio took 285 ms]
[2026-01-18 04:06:25,069: INFO: tts_model: starting timer now!]
[2026-01-18 04:06:25,167: INFO: utils: Prompting text took 96 ms]
[2026-01-18 04:06:27,058: INFO: tts_model: Average generation step time: 34 ms]
[2026-01-18 04:06:27,060: INFO: utils: Waiting for mimi decoder to finish took 1 ms]
[2026-01-18 04:06:27,060: INFO: tts_model: Generated: 4240 ms of audio in 1990 ms so 2.13x faster than real-time]
[2026-01-18 04:06:27,416: INFO: _client: HTTP Request: HEAD https://huggingface.co/kyutai/pocket-tts-without-voice-cloning/resolve/main/embeddings/alba.safetensors "HTTP/1.1 302 Found"]
[2026-01-18 04:06:27,691: INFO: utils: Prompting audio took 260 ms]
[2026-01-18 04:06:27,698: INFO: tts_model: starting timer now!]
[2026-01-18 04:06:27,771: INFO: utils: Prompting text took 72 ms]
[2026-01-18 04:06:28,841: INFO: tts_model: Average generation step time: 35 ms]
[2026-01-18 04:06:28,843: INFO: utils: Waiting for mimi decoder to finish took 2 ms]
[2026-01-18 04:06:28,843: INFO: tts_model: Generated: 2320 ms of audio in 1145 ms so 2.03x faster than real-time]
[2026-01-18 04:06:29,134: INFO: _client: HTTP Request: HEAD https://huggingface.co/kyutai/pocket-tts-without-voice-cloning/resolve/main/embeddings/eponine.safetensors "HTTP/1.1 302 Found"]
[2026-01-18 04:06:29,429: INFO: utils: Prompting audio took 289 ms]
[2026-01-18 04:06:29,443: INFO: tts_model: starting timer now!]
[2026-01-18 04:06:29,522: INFO: utils: Prompting text took 78 ms]
[2026-01-18 04:06:31,115: INFO: tts_model: Average generation step time: 34 ms]
[2026-01-18 04:06:31,118: INFO: utils: Waiting for mimi decoder to finish took 1 ms]
[2026-01-18 04:06:31,118: INFO: tts_model: Generated: 3520 ms of audio in 1674 ms so 2.10x faster than real-time]
[2026-01-18 04:06:31,443: INFO: _client: HTTP Request: HEAD https://huggingface.co/kyutai/pocket-tts-without-voice-cloning/resolve/main/embeddings/alba.safetensors "HTTP/1.1 302 Found"]
[2026-01-18 04:06:31,718: INFO: utils: Prompting audio took 266 ms]
[2026-01-18 04:06:31,724: INFO: tts_model: starting timer now!]
[2026-01-18 04:06:31,830: INFO: utils: Prompting text took 104 ms]
[2026-01-18 04:06:34,265: INFO: tts_model: Average generation step time: 33 ms]
[2026-01-18 04:06:34,266: INFO: utils: Waiting for mimi decoder to finish took 0 ms]
[2026-01-18 04:06:34,266: INFO: tts_model: Generated: 5680 ms of audio in 2540 ms so 2.24x faster than real-time]
[2026-01-18 04:06:34,544: INFO: _client: HTTP Request: HEAD https://huggingface.co/kyutai/pocket-tts-without-voice-cloning/resolve/main/embeddings/eponine.safetensors "HTTP/1.1 302 Found"]
[2026-01-18 04:06:34,847: INFO: utils: Prompting audio took 291 ms]
[2026-01-18 04:06:34,860: INFO: tts_model: starting timer now!]
[2026-01-18 04:06:34,952: INFO: utils: Prompting text took 91 ms]
[2026-01-18 04:06:36,969: INFO: tts_model: Average generation step time: 34 ms]
[2026-01-18 04:06:36,970: INFO: utils: Waiting for mimi decoder to finish took 0 ms]
[2026-01-18 04:06:36,970: INFO: tts_model: Generated: 4560 ms of audio in 2110 ms so 2.16x faster than real-time]
[2026-01-18 04:08:03,023: INFO: text: Loading sentencepiece tokenizer from hf://kyutai/pocket-tts-without-voice-cloning/tokenizer.model]
[2026-01-18 04:08:03,523: INFO: _client: HTTP Request: HEAD https://huggingface.co/kyutai/pocket-tts-without-voice-cloning/resolve/main/tokenizer.model "HTTP/1.1 302 Found"]
[2026-01-18 04:08:04,007: INFO: tts_model: Loading TTSModel weights from hf://kyutai/pocket-tts/tts_b6369a24.safetensors]
[2026-01-18 04:08:04,297: INFO: _client: HTTP Request: HEAD https://huggingface.co/kyutai/pocket-tts/resolve/main/tts_b6369a24.safetensors "HTTP/1.1 401 Unauthorized"]
[2026-01-18 04:08:04,564: INFO: _client: HTTP Request: HEAD https://huggingface.co/kyutai/pocket-tts-without-voice-cloning/resolve/main/tts_b6369a24.safetensors "HTTP/1.1 302 Found"]
[2026-01-18 04:08:04,620: INFO: tts_model: TTS Model loaded successfully. Its size is 471.0 MB]
[2026-01-18 04:08:05,012: INFO: _client: HTTP Request: HEAD https://huggingface.co/kyutai/pocket-tts-without-voice-cloning/resolve/main/embeddings/alba.safetensors "HTTP/1.1 302 Found"]
[2026-01-18 04:08:05,297: INFO: utils: Prompting audio took 263 ms]
[2026-01-18 04:08:05,321: INFO: tts_model: starting timer now!]
[2026-01-18 04:08:05,385: INFO: utils: Prompting text took 63 ms]
[2026-01-18 04:08:06,398: INFO: tts_model: Average generation step time: 37 ms]
[2026-01-18 04:08:06,488: INFO: utils: Waiting for mimi decoder to finish took 1 ms]
[2026-01-18 04:08:06,488: INFO: tts_model: Generated: 2080 ms of audio in 1167 ms so 1.78x faster than real-time]
[2026-01-18 04:08:06,855: INFO: _client: HTTP Request: HEAD https://huggingface.co/kyutai/pocket-tts-without-voice-cloning/resolve/main/embeddings/eponine.safetensors "HTTP/1.1 302 Found"]
[2026-01-18 04:08:07,156: INFO: utils: Prompting audio took 281 ms]
[2026-01-18 04:08:07,181: INFO: tts_model: starting timer now!]
[2026-01-18 04:08:07,257: INFO: utils: Prompting text took 75 ms]
[2026-01-18 04:08:08,433: INFO: tts_model: Average generation step time: 19 ms]
[2026-01-18 04:08:08,435: INFO: utils: Waiting for mimi decoder to finish took 1 ms]
[2026-01-18 04:08:08,435: INFO: tts_model: Generated: 4640 ms of audio in 1254 ms so 3.70x faster than real-time]
[2026-01-18 04:08:08,747: INFO: _client: HTTP Request: HEAD https://huggingface.co/kyutai/pocket-tts-without-voice-cloning/resolve/main/embeddings/alba.safetensors "HTTP/1.1 302 Found"]
[2026-01-18 04:08:09,001: INFO: utils: Prompting audio took 247 ms]
[2026-01-18 04:08:09,008: INFO: tts_model: starting timer now!]
[2026-01-18 04:08:09,096: INFO: utils: Prompting text took 86 ms]
[2026-01-18 04:08:10,309: INFO: tts_model: Average generation step time: 19 ms]
[2026-01-18 04:08:10,311: INFO: utils: Waiting for mimi decoder to finish took 1 ms]
[2026-01-18 04:08:10,311: INFO: tts_model: Generated: 4720 ms of audio in 1302 ms so 3.63x faster than real-time]
[2026-01-18 04:08:10,644: INFO: _client: HTTP Request: HEAD https://huggingface.co/kyutai/pocket-tts-without-voice-cloning/resolve/main/embeddings/eponine.safetensors "HTTP/1.1 302 Found"]
[2026-01-18 04:08:10,922: INFO: utils: Prompting audio took 270 ms]
[2026-01-18 04:08:10,935: INFO: tts_model: starting timer now!]
[2026-01-18 04:08:11,021: INFO: utils: Prompting text took 85 ms]
[2026-01-18 04:08:12,271: INFO: tts_model: Average generation step time: 19 ms]
[2026-01-18 04:08:12,271: INFO: utils: Waiting for mimi decoder to finish took 0 ms]
[2026-01-18 04:08:12,272: INFO: tts_model: Generated: 4960 ms of audio in 1336 ms so 3.71x faster than real-time]
[2026-01-18 04:08:12,590: INFO: _client: HTTP Request: HEAD https://huggingface.co/kyutai/pocket-tts-without-voice-cloning/resolve/main/embeddings/alba.safetensors "HTTP/1.1 302 Found"]
[2026-01-18 04:08:12,851: INFO: utils: Prompting audio took 250 ms]
[2026-01-18 04:08:12,859: INFO: tts_model: starting timer now!]
[2026-01-18 04:08:12,919: INFO: utils: Prompting text took 58 ms]
[2026-01-18 04:08:13,467: INFO: tts_model: Average generation step time: 19 ms]
[2026-01-18 04:08:13,469: INFO: utils: Waiting for mimi decoder to finish took 1 ms]
[2026-01-18 04:08:13,469: INFO: tts_model: Generated: 2080 ms of audio in 609 ms so 3.42x faster than real-time]
[2026-01-18 04:08:13,726: INFO: _client: HTTP Request: HEAD https://huggingface.co/kyutai/pocket-tts-without-voice-cloning/resolve/main/embeddings/eponine.safetensors "HTTP/1.1 302 Found"]
[2026-01-18 04:08:14,003: INFO: utils: Prompting audio took 268 ms]
[2026-01-18 04:08:14,009: INFO: tts_model: starting timer now!]
[2026-01-18 04:08:14,078: INFO: utils: Prompting text took 67 ms]
[2026-01-18 04:08:15,000: INFO: tts_model: Average generation step time: 20 ms]
[2026-01-18 04:08:15,001: INFO: utils: Waiting for mimi decoder to finish took 0 ms]
[2026-01-18 04:08:15,002: INFO: tts_model: Generated: 3520 ms of audio in 991 ms so 3.55x faster than real-time]
[2026-01-18 04:08:15,278: INFO: _client: HTTP Request: HEAD https://huggingface.co/kyutai/pocket-tts-without-voice-cloning/resolve/main/embeddings/alba.safetensors "HTTP/1.1 302 Found"]
[2026-01-18 04:08:15,278: WARNING: _http: Warning: You are sending unauthenticated requests to the HF Hub. Please set a HF_TOKEN to enable higher rate limits and faster downloads.]
[2026-01-18 04:08:15,535: INFO: utils: Prompting audio took 249 ms]
[2026-01-18 04:08:15,543: INFO: tts_model: starting timer now!]
[2026-01-18 04:08:15,635: INFO: utils: Prompting text took 90 ms]
[2026-01-18 04:08:17,103: INFO: tts_model: Average generation step time: 19 ms]
[2026-01-18 04:08:17,103: INFO: utils: Waiting for mimi decoder to finish took 0 ms]
[2026-01-18 04:08:17,103: INFO: tts_model: Generated: 5840 ms of audio in 1559 ms so 3.75x faster than real-time]
[2026-01-18 04:08:17,406: INFO: _client: HTTP Request: HEAD https://huggingface.co/kyutai/pocket-tts-without-voice-cloning/resolve/main/embeddings/eponine.safetensors "HTTP/1.1 302 Found"]
[2026-01-18 04:08:17,683: INFO: utils: Prompting audio took 269 ms]
[2026-01-18 04:08:17,696: INFO: tts_model: starting timer now!]
[2026-01-18 04:08:17,771: INFO: utils: Prompting text took 74 ms]
[2026-01-18 04:08:19,039: INFO: tts_model: Average generation step time: 20 ms]
[2026-01-18 04:08:19,039: INFO: utils: Waiting for mimi decoder to finish took 0 ms]
[2026-01-18 04:08:19,040: INFO: tts_model: Generated: 4880 ms of audio in 1343 ms so 3.63x faster than real-time]
[2026-01-18 04:09:12,223: INFO: text: Loading sentencepiece tokenizer from hf://kyutai/pocket-tts-without-voice-cloning/tokenizer.model]
[2026-01-18 04:09:12,685: INFO: _client: HTTP Request: HEAD https://huggingface.co/kyutai/pocket-tts-without-voice-cloning/resolve/main/tokenizer.model "HTTP/1.1 302 Found"]
[2026-01-18 04:09:13,173: INFO: tts_model: Loading TTSModel weights from hf://kyutai/pocket-tts/tts_b6369a24.safetensors]
[2026-01-18 04:09:13,481: INFO: _client: HTTP Request: HEAD https://huggingface.co/kyutai/pocket-tts/resolve/main/tts_b6369a24.safetensors "HTTP/1.1 401 Unauthorized"]
[2026-01-18 04:09:13,755: INFO: _client: HTTP Request: HEAD https://huggingface.co/kyutai/pocket-tts-without-voice-cloning/resolve/main/tts_b6369a24.safetensors "HTTP/1.1 302 Found"]
[2026-01-18 04:09:13,813: INFO: tts_model: TTS Model loaded successfully. Its size is 471.0 MB]
[2026-01-18 04:09:14,075: INFO: _client: HTTP Request: HEAD https://huggingface.co/kyutai/pocket-tts-without-voice-cloning/resolve/main/embeddings/alba.safetensors "HTTP/1.1 302 Found"]
[2026-01-18 04:09:14,353: INFO: utils: Prompting audio took 256 ms]
[2026-01-18 04:09:14,376: INFO: tts_model: starting timer now!]
[2026-01-18 04:09:14,439: INFO: utils: Prompting text took 62 ms]
[2026-01-18 04:09:15,464: INFO: tts_model: Average generation step time: 42 ms]
[2026-01-18 04:09:15,595: INFO: utils: Waiting for mimi decoder to finish took 1 ms]
[2026-01-18 04:09:15,596: INFO: tts_model: Generated: 1840 ms of audio in 1219 ms so 1.51x faster than real-time]
[2026-01-18 04:09:15,976: INFO: _client: HTTP Request: HEAD https://huggingface.co/kyutai/pocket-tts-without-voice-cloning/resolve/main/embeddings/eponine.safetensors "HTTP/1.1 302 Found"]
[2026-01-18 04:09:16,275: INFO: utils: Prompting audio took 277 ms]
[2026-01-18 04:09:16,299: INFO: tts_model: starting timer now!]
[2026-01-18 04:09:16,372: INFO: utils: Prompting text took 72 ms]
[2026-01-18 04:09:17,701: INFO: tts_model: Average generation step time: 22 ms]
[2026-01-18 04:09:17,703: INFO: utils: Waiting for mimi decoder to finish took 1 ms]
[2026-01-18 04:09:17,703: INFO: tts_model: Generated: 4640 ms of audio in 1404 ms so 3.30x faster than real-time]
[2026-01-18 04:09:17,980: INFO: _client: HTTP Request: HEAD https://huggingface.co/kyutai/pocket-tts-without-voice-cloning/resolve/main/embeddings/alba.safetensors "HTTP/1.1 302 Found"]
[2026-01-18 04:09:18,240: INFO: utils: Prompting audio took 251 ms]
[2026-01-18 04:09:18,246: INFO: tts_model: starting timer now!]
[2026-01-18 04:09:18,332: INFO: utils: Prompting text took 84 ms]
[2026-01-18 04:09:19,946: INFO: tts_model: Average generation step time: 21 ms]
[2026-01-18 04:09:19,948: INFO: utils: Waiting for mimi decoder to finish took 2 ms]
[2026-01-18 04:09:19,948: INFO: tts_model: Generated: 5680 ms of audio in 1702 ms so 3.34x faster than real-time]
[2026-01-18 04:09:20,241: INFO: _client: HTTP Request: HEAD https://huggingface.co/kyutai/pocket-tts-without-voice-cloning/resolve/main/embeddings/eponine.safetensors "HTTP/1.1 302 Found"]
[2026-01-18 04:09:20,528: INFO: utils: Prompting audio took 273 ms]
[2026-01-18 04:09:20,541: INFO: tts_model: starting timer now!]
[2026-01-18 04:09:20,627: INFO: utils: Prompting text took 84 ms]
[2026-01-18 04:09:21,861: INFO: tts_model: Average generation step time: 21 ms]
[2026-01-18 04:09:21,863: INFO: utils: Waiting for mimi decoder to finish took 1 ms]
[2026-01-18 04:09:21,863: INFO: tts_model: Generated: 4400 ms of audio in 1322 ms so 3.33x faster than real-time]
[2026-01-18 04:09:22,173: INFO: _client: HTTP Request: HEAD https://huggingface.co/kyutai/pocket-tts-without-voice-cloning/resolve/main/embeddings/alba.safetensors "HTTP/1.1 302 Found"]
[2026-01-18 04:09:22,434: INFO: utils: Prompting audio took 252 ms]
[2026-01-18 04:09:22,441: INFO: tts_model: starting timer now!]
[2026-01-18 04:09:22,499: INFO: utils: Prompting text took 57 ms]
[2026-01-18 04:09:23,010: INFO: tts_model: Average generation step time: 19 ms]
[2026-01-18 04:09:23,012: INFO: utils: Waiting for mimi decoder to finish took 2 ms]
[2026-01-18 04:09:23,012: INFO: tts_model: Generated: 1920 ms of audio in 571 ms so 3.36x faster than real-time]
[2026-01-18 04:09:23,290: INFO: _client: HTTP Request: HEAD https://huggingface.co/kyutai/pocket-tts-without-voice-cloning/resolve/main/embeddings/eponine.safetensors "HTTP/1.1 302 Found"]
[2026-01-18 04:09:23,576: INFO: utils: Prompting audio took 277 ms]
[2026-01-18 04:09:23,591: INFO: tts_model: starting timer now!]
[2026-01-18 04:09:23,658: INFO: utils: Prompting text took 66 ms]
[2026-01-18 04:09:24,654: INFO: tts_model: Average generation step time: 21 ms]
[2026-01-18 04:09:24,656: INFO: utils: Waiting for mimi decoder to finish took 1 ms]
[2026-01-18 04:09:24,656: INFO: tts_model: Generated: 3600 ms of audio in 1064 ms so 3.38x faster than real-time]
[2026-01-18 04:09:24,926: INFO: _client: HTTP Request: HEAD https://huggingface.co/kyutai/pocket-tts-without-voice-cloning/resolve/main/embeddings/alba.safetensors "HTTP/1.1 302 Found"]
[2026-01-18 04:09:25,193: INFO: utils: Prompting audio took 254 ms]
[2026-01-18 04:09:25,200: INFO: tts_model: starting timer now!]
[2026-01-18 04:09:25,289: INFO: utils: Prompting text took 88 ms]
[2026-01-18 04:09:26,887: INFO: tts_model: Average generation step time: 21 ms]
[2026-01-18 04:09:26,888: INFO: utils: Waiting for mimi decoder to finish took 1 ms]
[2026-01-18 04:09:26,889: INFO: tts_model: Generated: 5760 ms of audio in 1688 ms so 3.41x faster than real-time]
[2026-01-18 04:09:27,343: INFO: _client: HTTP Request: HEAD https://huggingface.co/kyutai/pocket-tts-without-voice-cloning/resolve/main/embeddings/eponine.safetensors "HTTP/1.1 302 Found"]
[2026-01-18 04:09:27,626: INFO: utils: Prompting audio took 277 ms]
[2026-01-18 04:09:27,640: INFO: tts_model: starting timer now!]
[2026-01-18 04:09:27,715: INFO: utils: Prompting text took 74 ms]
[2026-01-18 04:09:29,167: INFO: tts_model: Average generation step time: 22 ms]
[2026-01-18 04:09:29,168: INFO: utils: Waiting for mimi decoder to finish took 0 ms]
[2026-01-18 04:09:29,168: INFO: tts_model: Generated: 5040 ms of audio in 1527 ms so 3.30x faster than real-time]
[2026-01-18 04:11:08,889: INFO: text: Loading sentencepiece tokenizer from hf://kyutai/pocket-tts-without-voice-cloning/tokenizer.model]
[2026-01-18 04:11:09,407: INFO: _client: HTTP Request: HEAD https://huggingface.co/kyutai/pocket-tts-without-voice-cloning/resolve/main/tokenizer.model "HTTP/1.1 302 Found"]
[2026-01-18 04:11:09,896: INFO: tts_model: Loading TTSModel weights from hf://kyutai/pocket-tts/tts_b6369a24.safetensors]
[2026-01-18 04:11:10,160: INFO: _client: HTTP Request: HEAD https://huggingface.co/kyutai/pocket-tts/resolve/main/tts_b6369a24.safetensors "HTTP/1.1 401 Unauthorized"]
[2026-01-18 04:11:10,427: INFO: _client: HTTP Request: HEAD https://huggingface.co/kyutai/pocket-tts-without-voice-cloning/resolve/main/tts_b6369a24.safetensors "HTTP/1.1 302 Found"]
[2026-01-18 04:11:10,428: WARNING: _http: Warning: You are sending unauthenticated requests to the HF Hub. Please set a HF_TOKEN to enable higher rate limits and faster downloads.]
[2026-01-18 04:11:10,488: INFO: tts_model: TTS Model loaded successfully. Its size is 471.0 MB]
[2026-01-18 04:11:10,757: INFO: _client: HTTP Request: HEAD https://huggingface.co/kyutai/pocket-tts-without-voice-cloning/resolve/main/embeddings/alba.safetensors "HTTP/1.1 302 Found"]
[2026-01-18 04:11:11,052: INFO: utils: Prompting audio took 274 ms]
[2026-01-18 04:11:11,075: INFO: tts_model: starting timer now!]
[2026-01-18 04:11:11,144: INFO: utils: Prompting text took 68 ms]
[2026-01-18 04:11:12,130: INFO: tts_model: Average generation step time: 41 ms]
[2026-01-18 04:11:12,227: INFO: utils: Waiting for mimi decoder to finish took 1 ms]
[2026-01-18 04:11:12,227: INFO: tts_model: Generated: 1840 ms of audio in 1151 ms so 1.60x faster than real-time]
[2026-01-18 04:11:12,496: INFO: _client: HTTP Request: HEAD https://huggingface.co/kyutai/pocket-tts-without-voice-cloning/resolve/main/embeddings/eponine.safetensors "HTTP/1.1 302 Found"]
[2026-01-18 04:11:12,794: INFO: utils: Prompting audio took 277 ms]
[2026-01-18 04:11:12,819: INFO: tts_model: starting timer now!]
[2026-01-18 04:11:12,891: INFO: utils: Prompting text took 70 ms]
[2026-01-18 04:11:14,244: INFO: tts_model: Average generation step time: 20 ms]
[2026-01-18 04:11:14,246: INFO: utils: Waiting for mimi decoder to finish took 1 ms]
[2026-01-18 04:11:14,246: INFO: tts_model: Generated: 5120 ms of audio in 1426 ms so 3.59x faster than real-time]
[2026-01-18 04:11:14,523: INFO: _client: HTTP Request: HEAD https://huggingface.co/kyutai/pocket-tts-without-voice-cloning/resolve/main/embeddings/alba.safetensors "HTTP/1.1 302 Found"]
[2026-01-18 04:11:14,792: INFO: utils: Prompting audio took 248 ms]
[2026-01-18 04:11:14,801: INFO: tts_model: starting timer now!]
[2026-01-18 04:11:14,883: INFO: utils: Prompting text took 81 ms]
[2026-01-18 04:11:16,214: INFO: tts_model: Average generation step time: 19 ms]
[2026-01-18 04:11:16,216: INFO: utils: Waiting for mimi decoder to finish took 1 ms]
[2026-01-18 04:11:16,216: INFO: tts_model: Generated: 5200 ms of audio in 1415 ms so 3.67x faster than real-time]
[2026-01-18 04:11:16,603: INFO: _client: HTTP Request: HEAD https://huggingface.co/kyutai/pocket-tts-without-voice-cloning/resolve/main/embeddings/eponine.safetensors "HTTP/1.1 302 Found"]
[2026-01-18 04:11:16,882: INFO: utils: Prompting audio took 274 ms]
[2026-01-18 04:11:16,892: INFO: tts_model: starting timer now!]
[2026-01-18 04:11:16,976: INFO: utils: Prompting text took 83 ms]
[2026-01-18 04:11:18,057: INFO: tts_model: Average generation step time: 19 ms]
[2026-01-18 04:11:18,059: INFO: utils: Waiting for mimi decoder to finish took 1 ms]
[2026-01-18 04:11:18,060: INFO: tts_model: Generated: 4160 ms of audio in 1167 ms so 3.56x faster than real-time]
[2026-01-18 04:11:18,446: INFO: _client: HTTP Request: HEAD https://huggingface.co/kyutai/pocket-tts-without-voice-cloning/resolve/main/embeddings/alba.safetensors "HTTP/1.1 302 Found"]
[2026-01-18 04:11:18,704: INFO: utils: Prompting audio took 248 ms]
[2026-01-18 04:11:18,710: INFO: tts_model: starting timer now!]
[2026-01-18 04:11:18,768: INFO: utils: Prompting text took 57 ms]
[2026-01-18 04:11:19,370: INFO: tts_model: Average generation step time: 20 ms]
[2026-01-18 04:11:19,370: INFO: utils: Waiting for mimi decoder to finish took 0 ms]
[2026-01-18 04:11:19,370: INFO: tts_model: Generated: 2240 ms of audio in 659 ms so 3.40x faster than real-time]
[2026-01-18 04:11:19,681: INFO: _client: HTTP Request: HEAD https://huggingface.co/kyutai/pocket-tts-without-voice-cloning/resolve/main/embeddings/eponine.safetensors "HTTP/1.1 302 Found"]
[2026-01-18 04:11:19,957: INFO: utils: Prompting audio took 271 ms]
[2026-01-18 04:11:19,979: INFO: tts_model: starting timer now!]
[2026-01-18 04:11:20,044: INFO: utils: Prompting text took 64 ms]
[2026-01-18 04:11:20,954: INFO: tts_model: Average generation step time: 20 ms]
[2026-01-18 04:11:20,956: INFO: utils: Waiting for mimi decoder to finish took 1 ms]
[2026-01-18 04:11:20,956: INFO: tts_model: Generated: 3440 ms of audio in 976 ms so 3.52x faster than real-time]
[2026-01-18 04:11:21,258: INFO: _client: HTTP Request: HEAD https://huggingface.co/kyutai/pocket-tts-without-voice-cloning/resolve/main/embeddings/alba.safetensors "HTTP/1.1 302 Found"]
[2026-01-18 04:11:21,521: INFO: utils: Prompting audio took 246 ms]
[2026-01-18 04:11:21,530: INFO: tts_model: starting timer now!]
[2026-01-18 04:11:21,620: INFO: utils: Prompting text took 89 ms]
[2026-01-18 04:11:23,057: INFO: tts_model: Average generation step time: 19 ms]
[2026-01-18 04:11:23,058: INFO: utils: Waiting for mimi decoder to finish took 1 ms]
[2026-01-18 04:11:23,058: INFO: tts_model: Generated: 5600 ms of audio in 1528 ms so 3.66x faster than real-time]
[2026-01-18 04:11:23,362: INFO: _client: HTTP Request: HEAD https://huggingface.co/kyutai/pocket-tts-without-voice-cloning/resolve/main/embeddings/eponine.safetensors "HTTP/1.1 302 Found"]
[2026-01-18 04:11:23,642: INFO: utils: Prompting audio took 271 ms]
[2026-01-18 04:11:23,651: INFO: tts_model: starting timer now!]
[2026-01-18 04:11:23,727: INFO: utils: Prompting text took 75 ms]
[2026-01-18 04:11:24,963: INFO: tts_model: Average generation step time: 19 ms]
[2026-01-18 04:11:24,963: INFO: utils: Waiting for mimi decoder to finish took 0 ms]
[2026-01-18 04:11:24,963: INFO: tts_model: Generated: 4720 ms of audio in 1312 ms so 3.60x faster than real-time]
[2026-01-18 04:12:23,984: INFO: text: Loading sentencepiece tokenizer from hf://kyutai/pocket-tts-without-voice-cloning/tokenizer.model]
[2026-01-18 04:12:24,493: INFO: _client: HTTP Request: HEAD https://huggingface.co/kyutai/pocket-tts-without-voice-cloning/resolve/main/tokenizer.model "HTTP/1.1 302 Found"]
[2026-01-18 04:12:24,979: INFO: tts_model: Loading TTSModel weights from hf://kyutai/pocket-tts/tts_b6369a24.safetensors]
[2026-01-18 04:12:25,298: INFO: _client: HTTP Request: HEAD https://huggingface.co/kyutai/pocket-tts/resolve/main/tts_b6369a24.safetensors "HTTP/1.1 401 Unauthorized"]
[2026-01-18 04:12:25,622: INFO: _client: HTTP Request: HEAD https://huggingface.co/kyutai/pocket-tts-without-voice-cloning/resolve/main/tts_b6369a24.safetensors "HTTP/1.1 302 Found"]
[2026-01-18 04:12:25,680: INFO: tts_model: TTS Model loaded successfully. Its size is 471.0 MB]
[2026-01-18 04:12:25,963: INFO: _client: HTTP Request: HEAD https://huggingface.co/kyutai/pocket-tts-without-voice-cloning/resolve/main/embeddings/alba.safetensors "HTTP/1.1 302 Found"]
[2026-01-18 04:12:26,245: INFO: utils: Prompting audio took 260 ms]
[2026-01-18 04:12:26,269: INFO: tts_model: starting timer now!]
[2026-01-18 04:12:26,332: INFO: utils: Prompting text took 62 ms]
[2026-01-18 04:12:27,245: INFO: tts_model: Average generation step time: 39 ms]
[2026-01-18 04:12:27,357: INFO: utils: Waiting for mimi decoder to finish took 1 ms]
[2026-01-18 04:12:27,357: INFO: tts_model: Generated: 1760 ms of audio in 1087 ms so 1.62x faster than real-time]
[2026-01-18 04:12:27,718: INFO: _client: HTTP Request: HEAD https://huggingface.co/kyutai/pocket-tts-without-voice-cloning/resolve/main/embeddings/eponine.safetensors "HTTP/1.1 302 Found"]
[2026-01-18 04:12:28,022: INFO: utils: Prompting audio took 282 ms]
[2026-01-18 04:12:28,046: INFO: tts_model: starting timer now!]
[2026-01-18 04:12:28,120: INFO: utils: Prompting text took 73 ms]
[2026-01-18 04:12:29,226: INFO: tts_model: Average generation step time: 20 ms]
[2026-01-18 04:12:29,226: INFO: utils: Waiting for mimi decoder to finish took 0 ms]
[2026-01-18 04:12:29,227: INFO: tts_model: Generated: 4080 ms of audio in 1180 ms so 3.46x faster than real-time]
[2026-01-18 04:12:29,515: INFO: _client: HTTP Request: HEAD https://huggingface.co/kyutai/pocket-tts-without-voice-cloning/resolve/main/embeddings/alba.safetensors "HTTP/1.1 302 Found"]
[2026-01-18 04:12:29,789: INFO: utils: Prompting audio took 251 ms]
[2026-01-18 04:12:29,796: INFO: tts_model: starting timer now!]
[2026-01-18 04:12:29,882: INFO: utils: Prompting text took 85 ms]
[2026-01-18 04:12:31,386: INFO: tts_model: Average generation step time: 20 ms]
[2026-01-18 04:12:31,387: INFO: utils: Waiting for mimi decoder to finish took 0 ms]
[2026-01-18 04:12:31,387: INFO: tts_model: Generated: 5760 ms of audio in 1591 ms so 3.62x faster than real-time]
[2026-01-18 04:12:31,765: INFO: _client: HTTP Request: HEAD https://huggingface.co/kyutai/pocket-tts-without-voice-cloning/resolve/main/embeddings/eponine.safetensors "HTTP/1.1 302 Found"]
[2026-01-18 04:12:32,048: INFO: utils: Prompting audio took 276 ms]
[2026-01-18 04:12:32,058: INFO: tts_model: starting timer now!]
[2026-01-18 04:12:32,142: INFO: utils: Prompting text took 83 ms]
[2026-01-18 04:12:33,148: INFO: tts_model: Average generation step time: 20 ms]
[2026-01-18 04:12:33,149: INFO: utils: Waiting for mimi decoder to finish took 1 ms]
[2026-01-18 04:12:33,150: INFO: tts_model: Generated: 3840 ms of audio in 1091 ms so 3.52x faster than real-time]
[2026-01-18 04:12:33,460: INFO: _client: HTTP Request: HEAD https://huggingface.co/kyutai/pocket-tts-without-voice-cloning/resolve/main/embeddings/alba.safetensors "HTTP/1.1 302 Found"]
[2026-01-18 04:12:33,719: INFO: utils: Prompting audio took 249 ms]
[2026-01-18 04:12:33,726: INFO: tts_model: starting timer now!]
[2026-01-18 04:12:33,787: INFO: utils: Prompting text took 59 ms]
[2026-01-18 04:12:34,236: INFO: tts_model: Average generation step time: 20 ms]
[2026-01-18 04:12:34,236: INFO: utils: Waiting for mimi decoder to finish took 0 ms]
[2026-01-18 04:12:34,236: INFO: tts_model: Generated: 1680 ms of audio in 509 ms so 3.30x faster than real-time]
[2026-01-18 04:12:34,593: INFO: _client: HTTP Request: HEAD https://huggingface.co/kyutai/pocket-tts-without-voice-cloning/resolve/main/embeddings/eponine.safetensors "HTTP/1.1 302 Found"]
[2026-01-18 04:12:34,876: INFO: utils: Prompting audio took 273 ms]
[2026-01-18 04:12:34,885: INFO: tts_model: starting timer now!]
[2026-01-18 04:12:34,953: INFO: utils: Prompting text took 66 ms]
[2026-01-18 04:12:35,963: INFO: tts_model: Average generation step time: 20 ms]
[2026-01-18 04:12:35,964: INFO: utils: Waiting for mimi decoder to finish took 0 ms]
[2026-01-18 04:12:35,964: INFO: tts_model: Generated: 3840 ms of audio in 1078 ms so 3.56x faster than real-time]
[2026-01-18 04:12:36,222: INFO: _client: HTTP Request: HEAD https://huggingface.co/kyutai/pocket-tts-without-voice-cloning/resolve/main/embeddings/alba.safetensors "HTTP/1.1 302 Found"]
[2026-01-18 04:12:36,476: INFO: utils: Prompting audio took 248 ms]
[2026-01-18 04:12:36,488: INFO: tts_model: starting timer now!]
[2026-01-18 04:12:36,579: INFO: utils: Prompting text took 90 ms]
[2026-01-18 04:12:38,039: INFO: tts_model: Average generation step time: 19 ms]
[2026-01-18 04:12:38,039: INFO: utils: Waiting for mimi decoder to finish took 0 ms]
[2026-01-18 04:12:38,040: INFO: tts_model: Generated: 5760 ms of audio in 1551 ms so 3.71x faster than real-time]
[2026-01-18 04:12:38,422: INFO: _client: HTTP Request: HEAD https://huggingface.co/kyutai/pocket-tts-without-voice-cloning/resolve/main/embeddings/eponine.safetensors "HTTP/1.1 302 Found"]
[2026-01-18 04:12:38,423: WARNING: _http: Warning: You are sending unauthenticated requests to the HF Hub. Please set a HF_TOKEN to enable higher rate limits and faster downloads.]
[2026-01-18 04:12:38,716: INFO: utils: Prompting audio took 286 ms]
[2026-01-18 04:12:38,727: INFO: tts_model: starting timer now!]
[2026-01-18 04:12:38,805: INFO: utils: Prompting text took 76 ms]
[2026-01-18 04:12:39,968: INFO: tts_model: Average generation step time: 20 ms]
[2026-01-18 04:12:39,968: INFO: utils: Waiting for mimi decoder to finish took 0 ms]
[2026-01-18 04:12:39,968: INFO: tts_model: Generated: 4480 ms of audio in 1240 ms so 3.61x faster than real-time]
